<?xml version="1.0" encoding="UTF-8"?>
<!-- Generated by org.testng.reporters.JUnitReportReporter -->
<testsuite hostname="DESKTOP-LVRIE7G" failures="0" tests="1" name="test.Fbcreatetest" time="4.240" errors="0" timestamp="2023-03-20T12:29:39 IST" skipped="0">
  <testcase classname="test.Fbcreatetest" name="test1" time="4.240"/>
  <system-out/>
</testsuite> <!-- test.Fbcreatetest -->
