<?xml version="1.0" encoding="UTF-8"?>
<!-- Generated by org.testng.reporters.JUnitReportReporter -->
<testsuite hostname="DESKTOP-LVRIE7G" failures="0" tests="3" name="testng.Crossbrowsertest" time="42.201" errors="0" timestamp="2023-03-04T21:22:59 IST" skipped="0">
  <testcase classname="testng.Crossbrowsertest" name="test1" time="19.032"/>
  <system-out/>
  <testcase classname="testng.Crossbrowsertest" name="test1" time="18.826"/>
  <system-out/>
  <testcase classname="testng.Crossbrowsertest" name="test1" time="4.343"/>
  <system-out/>
</testsuite> <!-- testng.Crossbrowsertest -->
