<?xml version="1.0" encoding="UTF-8"?>
<!-- Generated by org.testng.reporters.JUnitReportReporter -->
<testsuite hostname="DESKTOP-LVRIE7G" failures="0" tests="1" name="windowswitching.Guru99tabswitching" time="6.187" errors="0" timestamp="2023-03-22T12:03:45 IST" skipped="0">
  <testcase classname="windowswitching.Guru99tabswitching" name="test1" time="6.187"/>
  <system-out/>
</testsuite> <!-- windowswitching.Guru99tabswitching -->
