<?xml version="1.0" encoding="UTF-8"?>
<!-- Generated by org.testng.reporters.JUnitReportReporter -->
<testsuite hostname="DESKTOP-LVRIE7G" failures="0" tests="1" name="testng.Fileuoloadpgm" time="8.510" errors="0" timestamp="2023-03-03T12:56:28 IST" skipped="0">
  <testcase classname="testng.Fileuoloadpgm" name="test1" time="8.510"/>
  <system-out/>
</testsuite> <!-- testng.Fileuoloadpgm -->
