<?xml version="1.0" encoding="UTF-8"?>
<!-- Generated by org.testng.reporters.JUnitReportReporter -->
<testsuite hostname="DESKTOP-LVRIE7G" failures="0" tests="5" name="testng.Demo" time="6.063" errors="0" timestamp="2023-02-24T12:17:43 IST" skipped="0">
  <testcase classname="testng.Demo" name="test1" time="0.617"/>
  <system-out/>
  <testcase classname="testng.Demo" name="test1" time="0.791"/>
  <system-out/>
  <testcase classname="testng.Demo" name="test1" time="0.602"/>
  <system-out/>
  <testcase classname="testng.Demo" name="test3" time="3.348"/>
  <system-out/>
  <testcase classname="testng.Demo" name="test2" time="0.705"/>
  <system-out/>
</testsuite> <!-- testng.Demo -->
