<?xml version="1.0" encoding="UTF-8"?>
<!-- Generated by org.testng.reporters.JUnitReportReporter -->
<testsuite hostname="DESKTOP-LVRIE7G" failures="0" tests="4" name="testng.Groupinghw" time="0.026" errors="0" timestamp="2023-02-27T11:19:33 IST" skipped="0">
  <testcase classname="testng.Groupinghw" name="test2" time="0.002"/>
  <system-out/>
  <testcase classname="testng.Groupinghw" name="test3" time="0.002"/>
  <system-out/>
  <testcase classname="testng.Groupinghw" name="test1" time="0.019"/>
  <system-out/>
  <testcase classname="testng.Groupinghw" name="test4" time="0.003"/>
  <system-out/>
</testsuite> <!-- testng.Groupinghw -->
