<?xml version="1.0" encoding="UTF-8"?>
<!-- Generated by org.testng.reporters.JUnitReportReporter -->
<testsuite hostname="DESKTOP-LVRIE7G" failures="0" tests="1" name="datadriven.Fileuploadrobot" time="8.094" errors="0" timestamp="2023-03-07T12:55:11 IST" skipped="0">
  <testcase classname="datadriven.Fileuploadrobot" name="main" time="8.094"/>
  <system-out/>
</testsuite> <!-- datadriven.Fileuploadrobot -->
