<?xml version="1.0" encoding="UTF-8"?>
<!-- Generated by org.testng.reporters.JUnitReportReporter -->
<testsuite hostname="DESKTOP-LVRIE7G" failures="0" tests="2" name="testng.Souledstoreisenebledcopy" time="7.186" errors="0" timestamp="2023-03-01T11:56:46 IST" skipped="0">
  <testcase classname="testng.Souledstoreisenebledcopy" name="enabled" time="2.055"/>
  <system-out/>
  <testcase classname="testng.Souledstoreisenebledcopy" name="test1" time="5.131"/>
  <system-out/>
</testsuite> <!-- testng.Souledstoreisenebledcopy -->
