<?xml version="1.0" encoding="UTF-8"?>
<!-- Generated by org.testng.reporters.JUnitReportReporter -->
<testsuite hostname="DESKTOP-LVRIE7G" failures="0" tests="1" name="testng.Parametertest" time="0.033" errors="0" timestamp="2023-03-03T11:24:31 IST" skipped="0">
  <testcase classname="testng.Parametertest" name="test1" time="0.033"/>
  <system-out/>
</testsuite> <!-- testng.Parametertest -->
