<?xml version="1.0" encoding="UTF-8"?>
<!-- Generated by org.testng.reporters.JUnitReportReporter -->
<testsuite hostname="DESKTOP-LVRIE7G" failures="0" tests="4" name="testng.Redifftestng" time="6.526" errors="0" timestamp="2023-02-27T12:11:35 IST" skipped="0">
  <testcase classname="testng.Redifftestng" name="copypaste" time="1.634"/>
  <system-out/>
  <testcase classname="testng.Redifftestng" name="radio" time="2.909"/>
  <system-out/>
  <testcase classname="testng.Redifftestng" name="logo" time="0.915"/>
  <system-out/>
  <testcase classname="testng.Redifftestng" name="enabled" time="1.068"/>
  <system-out/>
</testsuite> <!-- testng.Redifftestng -->
