<?xml version="1.0" encoding="UTF-8"?>
<!-- Generated by org.testng.reporters.JUnitReportReporter -->
<testsuite hostname="DESKTOP-LVRIE7G" failures="0" tests="1" name="datadriven.Autoi3" time="12.732" errors="0" timestamp="2023-03-07T12:57:19 IST" skipped="0">
  <testcase classname="datadriven.Autoi3" name="main" time="12.732"/>
  <system-out/>
</testsuite> <!-- datadriven.Autoi3 -->
