<?xml version="1.0" encoding="UTF-8"?>
<!-- Generated by org.testng.reporters.JUnitReportReporter -->
<testsuite hostname="DESKTOP-LVRIE7G" failures="0" tests="1" name="page.Fblogintest" time="0.500" errors="0" timestamp="2023-03-20T11:57:13 IST" skipped="0">
  <testcase classname="page.Fblogintest" name="testlogin" time="0.500"/>
  <system-out/>
</testsuite> <!-- page.Fblogintest -->
