<?xml version="1.0" encoding="UTF-8"?>
<!-- Generated by org.testng.reporters.JUnitReportReporter -->
<testsuite hostname="DESKTOP-LVRIE7G" failures="0" tests="1" name="testng.Mousehover" time="7.011" errors="0" timestamp="2023-03-02T11:35:35 IST" skipped="0">
  <testcase classname="testng.Mousehover" name="test1" time="7.011"/>
  <system-out/>
</testsuite> <!-- testng.Mousehover -->
