<?xml version="1.0" encoding="UTF-8"?>
<!-- Generated by org.testng.reporters.JUnitReportReporter -->
<testsuite hostname="DESKTOP-LVRIE7G" failures="0" tests="1" name="test.Fblogintest" time="0.398" errors="0" timestamp="2023-03-20T12:00:12 IST" skipped="0">
  <testcase classname="test.Fblogintest" name="testlogin" time="0.398"/>
  <system-out/>
</testsuite> <!-- test.Fblogintest -->
