<?xml version="1.0" encoding="UTF-8"?>
<!-- Generated by org.testng.reporters.JUnitReportReporter -->
<testsuite hostname="DESKTOP-LVRIE7G" failures="0" tests="4" name="testng.Grouping" time="0.025" errors="0" timestamp="2023-02-24T12:44:15 IST" skipped="0">
  <testcase classname="testng.Grouping" name="test4" time="0.002"/>
  <system-out/>
  <testcase classname="testng.Grouping" name="test1" time="0.013"/>
  <system-out/>
  <testcase classname="testng.Grouping" name="test3" time="0.006"/>
  <system-out/>
  <testcase classname="testng.Grouping" name="test2" time="0.004"/>
  <system-out/>
</testsuite> <!-- testng.Grouping -->
