<?xml version="1.0" encoding="UTF-8"?>
<!-- Generated by org.testng.reporters.JUnitReportReporter -->
<testsuite hostname="DESKTOP-LVRIE7G" failures="0" tests="2" name="testng.Souledradiobutton" time="7.410" errors="0" timestamp="2023-02-28T10:55:32 IST" skipped="0">
  <testcase classname="testng.Souledradiobutton" name="radio" time="6.232"/>
  <system-out/>
  <testcase classname="testng.Souledradiobutton" name="logo" time="1.178"/>
  <system-out/>
</testsuite> <!-- testng.Souledradiobutton -->
