<?xml version="1.0" encoding="UTF-8"?>
<!-- Generated by org.testng.reporters.JUnitReportReporter -->
<testsuite hostname="DESKTOP-LVRIE7G" failures="0" tests="1" name="testng.Demositepgm" time="7.143" errors="0" timestamp="2023-03-02T12:16:52 IST" skipped="0">
  <testcase classname="testng.Demositepgm" name="test1" time="7.143"/>
  <system-out/>
</testsuite> <!-- testng.Demositepgm -->
