<?xml version="1.0" encoding="UTF-8"?>
<!-- Generated by org.testng.reporters.JUnitReportReporter -->
<testsuite hostname="DESKTOP-LVRIE7G" failures="0" tests="1" name="testng.Websiteautomation1" time="8.784" errors="0" timestamp="2023-02-27T12:43:59 IST" skipped="0">
  <testcase classname="testng.Websiteautomation1" name="test1" time="8.784"/>
  <system-out/>
</testsuite> <!-- testng.Websiteautomation1 -->
