<?xml version="1.0" encoding="UTF-8"?>
<!-- Generated by org.testng.reporters.JUnitReportReporter -->
<testsuite hostname="DESKTOP-LVRIE7G" failures="0" tests="1" name="datadriven.Datadriven" time="8.269" errors="0" timestamp="2023-03-06T12:20:51 IST" skipped="0">
  <testcase classname="datadriven.Datadriven" name="test" time="8.269"/>
  <system-out/>
</testsuite> <!-- datadriven.Datadriven -->
